<?xml version="1.0" encoding="UTF-8"?>
<testng-results skipped="0" failed="0" ignored="0" total="2" passed="2">
  <reporter-output>
  </reporter-output>
  <suite name="Default suite" duration-ms="17567" started-at="2023-06-09T11:11:10 IST" finished-at="2023-06-09T11:11:27 IST">
    <groups>
    </groups>
    <test name="Default test" duration-ms="17567" started-at="2023-06-09T11:11:10 IST" finished-at="2023-06-09T11:11:27 IST">
      <class name="ecommerce.ShoppingCartTest">
        <test-method status="PASS" signature="addProductToCart()[pri:0, instance:ecommerce.ShoppingCartTest@cb0ed20]" name="addProductToCart" duration-ms="10155" started-at="2023-06-09T11:11:10 IST" finished-at="2023-06-09T11:11:20 IST">
          <reporter-output>
          </reporter-output>
        </test-method> <!-- addProductToCart -->
        <test-method status="PASS" signature="updateCart()[pri:1, instance:ecommerce.ShoppingCartTest@cb0ed20]" name="updateCart" duration-ms="7270" started-at="2023-06-09T11:11:20 IST" finished-at="2023-06-09T11:11:27 IST">
          <reporter-output>
          </reporter-output>
        </test-method> <!-- updateCart -->
        <test-method status="PASS" signature="afterTest()[pri:0, instance:ecommerce.ShoppingCartTest@cb0ed20]" name="afterTest" is-config="true" duration-ms="110" started-at="2023-06-09T11:11:27 IST" finished-at="2023-06-09T11:11:27 IST">
          <reporter-output>
          </reporter-output>
        </test-method> <!-- afterTest -->
      </class> <!-- ecommerce.ShoppingCartTest -->
    </test> <!-- Default test -->
  </suite> <!-- Default suite -->
</testng-results>
